<?xml version="1.0" encoding="UTF-8"?>
<testng-results skipped="0" failed="0" total="1" passed="1">
  <reporter-output>
  </reporter-output>
  <suite name="Suite" duration-ms="6912" started-at="2016-02-04T15:27:30Z" finished-at="2016-02-04T15:27:37Z">
    <groups>
    </groups>
    <test name="Test" duration-ms="6912" started-at="2016-02-04T15:27:30Z" finished-at="2016-02-04T15:27:37Z">
      <class name="TestPkg1.TestCls1">
        <test-method status="PASS" signature="setUp()[pri:0, instance:TestPkg1.TestCls1@1a23b66]" name="setUp" is-config="true" duration-ms="4790" started-at="2016-02-04T20:57:30Z" finished-at="2016-02-04T20:57:35Z">
          <reporter-output>
          </reporter-output>
        </test-method> <!-- setUp -->
        <test-method status="PASS" signature="testGooglePageTitleInIEBrowser()[pri:0, instance:TestPkg1.TestCls1@1a23b66]" name="testGooglePageTitleInIEBrowser" duration-ms="1277" started-at="2016-02-04T20:57:35Z" finished-at="2016-02-04T20:57:36Z">
          <reporter-output>
          </reporter-output>
        </test-method> <!-- testGooglePageTitleInIEBrowser -->
        <test-method status="PASS" signature="tearDown()[pri:0, instance:TestPkg1.TestCls1@1a23b66]" name="tearDown" is-config="true" duration-ms="837" started-at="2016-02-04T20:57:36Z" finished-at="2016-02-04T20:57:37Z">
          <reporter-output>
          </reporter-output>
        </test-method> <!-- tearDown -->
      </class> <!-- TestPkg1.TestCls1 -->
    </test> <!-- Test -->
  </suite> <!-- Suite -->
</testng-results>
