<?xml version="1.0" encoding="UTF-8"?>
<testng-results skipped="0" failed="0" total="1" passed="1">
  <reporter-output>
  </reporter-output>
  <suite name="Suite" duration-ms="8368" started-at="2016-02-03T08:06:04Z" finished-at="2016-02-03T08:06:12Z">
    <groups>
    </groups>
    <test name="Test" duration-ms="8368" started-at="2016-02-03T08:06:04Z" finished-at="2016-02-03T08:06:12Z">
      <class name="TestPkg1.TestCls1">
        <test-method status="PASS" signature="setUp()[pri:0, instance:TestPkg1.TestCls1@5594a1b5]" name="setUp" is-config="true" duration-ms="5510" started-at="2016-02-03T13:36:04Z" finished-at="2016-02-03T13:36:09Z">
          <reporter-output>
          </reporter-output>
        </test-method> <!-- setUp -->
        <test-method status="PASS" signature="testGooglePageTitleInIEBrowser()[pri:0, instance:TestPkg1.TestCls1@5594a1b5]" name="testGooglePageTitleInIEBrowser" duration-ms="1880" started-at="2016-02-03T13:36:09Z" finished-at="2016-02-03T13:36:11Z">
          <reporter-output>
          </reporter-output>
        </test-method> <!-- testGooglePageTitleInIEBrowser -->
        <test-method status="PASS" signature="tearDown()[pri:0, instance:TestPkg1.TestCls1@5594a1b5]" name="tearDown" is-config="true" duration-ms="966" started-at="2016-02-03T13:36:11Z" finished-at="2016-02-03T13:36:12Z">
          <reporter-output>
          </reporter-output>
        </test-method> <!-- tearDown -->
      </class> <!-- TestPkg1.TestCls1 -->
    </test> <!-- Test -->
  </suite> <!-- Suite -->
</testng-results>
